
build/application_cpp.elf:     formato de ficheiro elf32-avr


Desmontagem da secção .text:

00000000 <__vectors>:
   0:	0c 94 34 00 	jmp	0x68	; 0x68 <__ctors_end>
   4:	0c 94 40 00 	jmp	0x80	; 0x80 <__vector_1>
   8:	0c 94 3e 00 	jmp	0x7c	; 0x7c <__bad_interrupt>
   c:	0c 94 3e 00 	jmp	0x7c	; 0x7c <__bad_interrupt>
  10:	0c 94 3e 00 	jmp	0x7c	; 0x7c <__bad_interrupt>
  14:	0c 94 3e 00 	jmp	0x7c	; 0x7c <__bad_interrupt>
  18:	0c 94 3e 00 	jmp	0x7c	; 0x7c <__bad_interrupt>
  1c:	0c 94 3e 00 	jmp	0x7c	; 0x7c <__bad_interrupt>
  20:	0c 94 3e 00 	jmp	0x7c	; 0x7c <__bad_interrupt>
  24:	0c 94 3e 00 	jmp	0x7c	; 0x7c <__bad_interrupt>
  28:	0c 94 3e 00 	jmp	0x7c	; 0x7c <__bad_interrupt>
  2c:	0c 94 3e 00 	jmp	0x7c	; 0x7c <__bad_interrupt>
  30:	0c 94 3e 00 	jmp	0x7c	; 0x7c <__bad_interrupt>
  34:	0c 94 3e 00 	jmp	0x7c	; 0x7c <__bad_interrupt>
  38:	0c 94 3e 00 	jmp	0x7c	; 0x7c <__bad_interrupt>
  3c:	0c 94 3e 00 	jmp	0x7c	; 0x7c <__bad_interrupt>
  40:	0c 94 3e 00 	jmp	0x7c	; 0x7c <__bad_interrupt>
  44:	0c 94 3e 00 	jmp	0x7c	; 0x7c <__bad_interrupt>
  48:	0c 94 3e 00 	jmp	0x7c	; 0x7c <__bad_interrupt>
  4c:	0c 94 3e 00 	jmp	0x7c	; 0x7c <__bad_interrupt>
  50:	0c 94 3e 00 	jmp	0x7c	; 0x7c <__bad_interrupt>
  54:	0c 94 3e 00 	jmp	0x7c	; 0x7c <__bad_interrupt>
  58:	0c 94 3e 00 	jmp	0x7c	; 0x7c <__bad_interrupt>
  5c:	0c 94 3e 00 	jmp	0x7c	; 0x7c <__bad_interrupt>
  60:	0c 94 3e 00 	jmp	0x7c	; 0x7c <__bad_interrupt>
  64:	0c 94 3e 00 	jmp	0x7c	; 0x7c <__bad_interrupt>

00000068 <__ctors_end>:
  68:	11 24       	eor	r1, r1
  6a:	1f be       	out	0x3f, r1	; 63
  6c:	cf ef       	ldi	r28, 0xFF	; 255
  6e:	d8 e0       	ldi	r29, 0x08	; 8
  70:	de bf       	out	0x3e, r29	; 62
  72:	cd bf       	out	0x3d, r28	; 61
  74:	0e 94 59 00 	call	0xb2	; 0xb2 <main>
  78:	0c 94 6a 00 	jmp	0xd4	; 0xd4 <_exit>

0000007c <__bad_interrupt>:
  7c:	0c 94 00 00 	jmp	0	; 0x0 <__vectors>

00000080 <__vector_1>:
  80:	2f 93       	push	r18
  82:	2f b7       	in	r18, 0x3f	; 63
  84:	2f 93       	push	r18
  86:	8f 93       	push	r24
  88:	9f 93       	push	r25
  8a:	85 b1       	in	r24, 0x05	; 5
  8c:	90 e2       	ldi	r25, 0x20	; 32
  8e:	89 27       	eor	r24, r25
  90:	85 b9       	out	0x05, r24	; 5
  92:	2f ef       	ldi	r18, 0xFF	; 255
  94:	81 ee       	ldi	r24, 0xE1	; 225
  96:	94 e0       	ldi	r25, 0x04	; 4

00000098 <.L1^B1>:
  98:	21 50       	subi	r18, 0x01	; 1
  9a:	80 40       	sbci	r24, 0x00	; 0
  9c:	90 40       	sbci	r25, 0x00	; 0
  9e:	e1 f7       	brne	.-8      	; 0x98 <.L1^B1>
  a0:	00 c0       	rjmp	.+0      	; 0xa2 <L0^A>

000000a2 <L0^A>:
  a2:	00 00       	nop
  a4:	e0 9a       	sbi	0x1c, 0	; 28
  a6:	9f 91       	pop	r25
  a8:	8f 91       	pop	r24
  aa:	2f 91       	pop	r18
  ac:	2f bf       	out	0x3f, r18	; 63
  ae:	2f 91       	pop	r18
  b0:	18 95       	reti

000000b2 <main>:
  b2:	25 9a       	sbi	0x04, 5	; 4
  b4:	52 98       	cbi	0x0a, 2	; 10
  b6:	5a 9a       	sbi	0x0b, 2	; 11
  b8:	80 91 69 00 	lds	r24, 0x0069	; 0x800069 <__TEXT_REGION_LENGTH__+0x7f8069>
  bc:	82 60       	ori	r24, 0x02	; 2
  be:	80 93 69 00 	sts	0x0069, r24	; 0x800069 <__TEXT_REGION_LENGTH__+0x7f8069>
  c2:	80 91 69 00 	lds	r24, 0x0069	; 0x800069 <__TEXT_REGION_LENGTH__+0x7f8069>
  c6:	8e 7f       	andi	r24, 0xFE	; 254
  c8:	80 93 69 00 	sts	0x0069, r24	; 0x800069 <__TEXT_REGION_LENGTH__+0x7f8069>
  cc:	e0 9a       	sbi	0x1c, 0	; 28
  ce:	e8 9a       	sbi	0x1d, 0	; 29
  d0:	78 94       	sei

000000d2 <.L2>:
  d2:	ff cf       	rjmp	.-2      	; 0xd2 <.L2>

000000d4 <_exit>:
  d4:	f8 94       	cli

000000d6 <__stop_program>:
  d6:	ff cf       	rjmp	.-2      	; 0xd6 <__stop_program>
