
build/application_cpp.elf:     formato de ficheiro elf32-avr


Desmontagem da secção .text:

00000000 <__vectors>:
   0:	0c 94 34 00 	jmp	0x68	; 0x68 <__ctors_end>
   4:	0c 94 3e 00 	jmp	0x7c	; 0x7c <__bad_interrupt>
   8:	0c 94 3e 00 	jmp	0x7c	; 0x7c <__bad_interrupt>
   c:	0c 94 3e 00 	jmp	0x7c	; 0x7c <__bad_interrupt>
  10:	0c 94 3e 00 	jmp	0x7c	; 0x7c <__bad_interrupt>
  14:	0c 94 3e 00 	jmp	0x7c	; 0x7c <__bad_interrupt>
  18:	0c 94 3e 00 	jmp	0x7c	; 0x7c <__bad_interrupt>
  1c:	0c 94 3e 00 	jmp	0x7c	; 0x7c <__bad_interrupt>
  20:	0c 94 3e 00 	jmp	0x7c	; 0x7c <__bad_interrupt>
  24:	0c 94 3e 00 	jmp	0x7c	; 0x7c <__bad_interrupt>
  28:	0c 94 3e 00 	jmp	0x7c	; 0x7c <__bad_interrupt>
  2c:	0c 94 3e 00 	jmp	0x7c	; 0x7c <__bad_interrupt>
  30:	0c 94 3e 00 	jmp	0x7c	; 0x7c <__bad_interrupt>
  34:	0c 94 3e 00 	jmp	0x7c	; 0x7c <__bad_interrupt>
  38:	0c 94 3e 00 	jmp	0x7c	; 0x7c <__bad_interrupt>
  3c:	0c 94 3e 00 	jmp	0x7c	; 0x7c <__bad_interrupt>
  40:	0c 94 3e 00 	jmp	0x7c	; 0x7c <__bad_interrupt>
  44:	0c 94 3e 00 	jmp	0x7c	; 0x7c <__bad_interrupt>
  48:	0c 94 3e 00 	jmp	0x7c	; 0x7c <__bad_interrupt>
  4c:	0c 94 3e 00 	jmp	0x7c	; 0x7c <__bad_interrupt>
  50:	0c 94 3e 00 	jmp	0x7c	; 0x7c <__bad_interrupt>
  54:	0c 94 3e 00 	jmp	0x7c	; 0x7c <__bad_interrupt>
  58:	0c 94 3e 00 	jmp	0x7c	; 0x7c <__bad_interrupt>
  5c:	0c 94 3e 00 	jmp	0x7c	; 0x7c <__bad_interrupt>
  60:	0c 94 3e 00 	jmp	0x7c	; 0x7c <__bad_interrupt>
  64:	0c 94 3e 00 	jmp	0x7c	; 0x7c <__bad_interrupt>

00000068 <__ctors_end>:
  68:	11 24       	eor	r1, r1
  6a:	1f be       	out	0x3f, r1	; 63
  6c:	cf ef       	ldi	r28, 0xFF	; 255
  6e:	d8 e0       	ldi	r29, 0x08	; 8
  70:	de bf       	out	0x3e, r29	; 62
  72:	cd bf       	out	0x3d, r28	; 61
  74:	0e 94 81 00 	call	0x102	; 0x102 <main>
  78:	0c 94 a5 00 	jmp	0x14a	; 0x14a <_exit>

0000007c <__bad_interrupt>:
  7c:	0c 94 00 00 	jmp	0	; 0x0 <__vectors>

00000080 <_Z9pulse_pinh>:
  80:	4b b1       	in	r20, 0x0b	; 11
  82:	21 e0       	ldi	r18, 0x01	; 1
  84:	30 e0       	ldi	r19, 0x00	; 0
  86:	b9 01       	movw	r22, r18
  88:	02 c0       	rjmp	.+4      	; 0x8e <.L2^B1>

0000008a <.L1^B1>:
  8a:	66 0f       	add	r22, r22
  8c:	77 1f       	adc	r23, r23

0000008e <.L2^B1>:
  8e:	8a 95       	dec	r24
  90:	e2 f7       	brpl	.-8      	; 0x8a <.L1^B1>
  92:	cb 01       	movw	r24, r22
  94:	46 2b       	or	r20, r22
  96:	4b b9       	out	0x0b, r20	; 11
  98:	75 e0       	ldi	r23, 0x05	; 5

0000009a <.L1^B2>:
  9a:	7a 95       	dec	r23
  9c:	f1 f7       	brne	.-4      	; 0x9a <.L1^B2>
  9e:	00 00       	nop
  a0:	9b b1       	in	r25, 0x0b	; 11
  a2:	80 95       	com	r24
  a4:	89 23       	and	r24, r25
  a6:	8b b9       	out	0x0b, r24	; 11
  a8:	08 95       	ret

000000aa <_Z9shift_outj>:
  aa:	ef 92       	push	r14
  ac:	ff 92       	push	r15
  ae:	0f 93       	push	r16
  b0:	1f 93       	push	r17
  b2:	cf 93       	push	r28
  b4:	df 93       	push	r29
  b6:	8c 01       	movw	r16, r24
  b8:	cf e0       	ldi	r28, 0x0F	; 15
  ba:	d0 e0       	ldi	r29, 0x00	; 0
  bc:	ee 24       	eor	r14, r14
  be:	e3 94       	inc	r14
  c0:	f1 2c       	mov	r15, r1

000000c2 <.L5>:
  c2:	c7 01       	movw	r24, r14
  c4:	0c 2e       	mov	r0, r28
  c6:	02 c0       	rjmp	.+4      	; 0xcc <.L2^B2>

000000c8 <.L1^B3>:
  c8:	88 0f       	add	r24, r24
  ca:	99 1f       	adc	r25, r25

000000cc <.L2^B2>:
  cc:	0a 94       	dec	r0
  ce:	e2 f7       	brpl	.-8      	; 0xc8 <.L1^B3>
  d0:	80 23       	and	r24, r16
  d2:	91 23       	and	r25, r17
  d4:	89 2b       	or	r24, r25
  d6:	69 f0       	breq	.+26     	; 0xf2 <.L3>
  d8:	58 9a       	sbi	0x0b, 0	; 11

000000da <.L4>:
  da:	81 e0       	ldi	r24, 0x01	; 1
  dc:	0e 94 40 00 	call	0x80	; 0x80 <_Z9pulse_pinh>
  e0:	21 97       	sbiw	r28, 0x01	; 1
  e2:	78 f7       	brcc	.-34     	; 0xc2 <.L5>
  e4:	df 91       	pop	r29
  e6:	cf 91       	pop	r28
  e8:	1f 91       	pop	r17
  ea:	0f 91       	pop	r16
  ec:	ff 90       	pop	r15
  ee:	ef 90       	pop	r14
  f0:	08 95       	ret

000000f2 <.L3>:
  f2:	58 98       	cbi	0x0b, 0	; 11
  f4:	f2 cf       	rjmp	.-28     	; 0xda <.L4>

000000f6 <_Z9showFramej>:
  f6:	5a 98       	cbi	0x0b, 2	; 11
  f8:	0e 94 55 00 	call	0xaa	; 0xaa <_Z9shift_outj>
  fc:	82 e0       	ldi	r24, 0x02	; 2
  fe:	0c 94 40 00 	jmp	0x80	; 0x80 <_Z9pulse_pinh>

00000102 <main>:
 102:	50 9a       	sbi	0x0a, 0	; 10
 104:	51 9a       	sbi	0x0a, 1	; 10
 106:	52 9a       	sbi	0x0a, 2	; 10
 108:	11 e0       	ldi	r17, 0x01	; 1
 10a:	c1 e0       	ldi	r28, 0x01	; 1
 10c:	d0 e0       	ldi	r29, 0x00	; 0

0000010e <.L9>:
 10e:	ce 01       	movw	r24, r28
 110:	0e 94 7b 00 	call	0xf6	; 0xf6 <_Z9showFramej>
 114:	2f ef       	ldi	r18, 0xFF	; 255
 116:	84 e3       	ldi	r24, 0x34	; 52
 118:	9c e0       	ldi	r25, 0x0C	; 12

0000011a <.L1^B4>:
 11a:	21 50       	subi	r18, 0x01	; 1
 11c:	80 40       	sbci	r24, 0x00	; 0
 11e:	90 40       	sbci	r25, 0x00	; 0
 120:	e1 f7       	brne	.-8      	; 0x11a <.L1^B4>
 122:	00 c0       	rjmp	.+0      	; 0x124 <L0^A>

00000124 <L0^A>:
 124:	00 00       	nop
 126:	11 15       	cp	r17, r1
 128:	49 f0       	breq	.+18     	; 0x13c <.L10>
 12a:	cc 0f       	add	r28, r28
 12c:	dd 1f       	adc	r29, r29
 12e:	11 e0       	ldi	r17, 0x01	; 1
 130:	c1 15       	cp	r28, r1
 132:	20 e8       	ldi	r18, 0x80	; 128
 134:	d2 07       	cpc	r29, r18
 136:	59 f7       	brne	.-42     	; 0x10e <.L9>

00000138 <.L17>:
 138:	10 e0       	ldi	r17, 0x00	; 0
 13a:	e9 cf       	rjmp	.-46     	; 0x10e <.L9>

0000013c <.L10>:
 13c:	d6 95       	lsr	r29
 13e:	c7 95       	ror	r28
 140:	11 e0       	ldi	r17, 0x01	; 1
 142:	c1 30       	cpi	r28, 0x01	; 1
 144:	d1 05       	cpc	r29, r1
 146:	c1 f7       	brne	.-16     	; 0x138 <.L17>
 148:	e2 cf       	rjmp	.-60     	; 0x10e <.L9>

0000014a <_exit>:
 14a:	f8 94       	cli

0000014c <__stop_program>:
 14c:	ff cf       	rjmp	.-2      	; 0x14c <__stop_program>
