GAS LISTING /tmp/ccHBLnYZ.s 			page 1


   1               		.file	"main.cpp"
   2               	__SP_H__ = 0x3e
   3               	__SP_L__ = 0x3d
   4               	__SREG__ = 0x3f
   5               	__tmp_reg__ = 0
   6               	__zero_reg__ = 1
   7               		.text
   8               		.section	.text.startup.main,"ax",@progbits
   9               	.global	main
  11               	main:
  12               	/* prologue: function */
  13               	/* frame size = 0 */
  14               	/* stack size = 0 */
  15               	.L__stack_usage = 0
  16 0000 259A      		sbi 0x4,5
  17               	.L2:
  18 0002 2D9A      		sbi 0x5,5
  19 0004 2FEF      		ldi r18,lo8(3199999)
  20 0006 83ED      		ldi r24,hi8(3199999)
  21 0008 90E3      		ldi r25,hlo8(3199999)
  22 000a 2150      	1:	subi r18,1
  23 000c 8040      		sbci r24,0
  24 000e 9040      		sbci r25,0
  25 0010 01F4      		brne 1b
  26 0012 00C0      		rjmp .
  27 0014 0000      		nop
  28 0016 2D98      		cbi 0x5,5
  29 0018 2FEF      		ldi r18,lo8(3199999)
  30 001a 83ED      		ldi r24,hi8(3199999)
  31 001c 90E3      		ldi r25,hlo8(3199999)
  32 001e 2150      	1:	subi r18,1
  33 0020 8040      		sbci r24,0
  34 0022 9040      		sbci r25,0
  35 0024 01F4      		brne 1b
  36 0026 00C0      		rjmp .
  37 0028 0000      		nop
  38 002a 00C0      		rjmp .L2
  40               		.ident	"GCC: (GNU) 14.2.0"
GAS LISTING /tmp/ccHBLnYZ.s 			page 2


DEFINED SYMBOLS
                            *ABS*:00000000 main.cpp
     /tmp/ccHBLnYZ.s:2      *ABS*:0000003e __SP_H__
     /tmp/ccHBLnYZ.s:3      *ABS*:0000003d __SP_L__
     /tmp/ccHBLnYZ.s:4      *ABS*:0000003f __SREG__
     /tmp/ccHBLnYZ.s:5      *ABS*:00000000 __tmp_reg__
     /tmp/ccHBLnYZ.s:6      *ABS*:00000001 __zero_reg__
     /tmp/ccHBLnYZ.s:11     .text.startup.main:00000000 main
     /tmp/ccHBLnYZ.s:26     .text.startup.main:00000014 L0
     /tmp/ccHBLnYZ.s:36     .text.startup.main:00000028 L0
     /tmp/ccHBLnYZ.s:22     .text.startup.main:0000000a .L11
     /tmp/ccHBLnYZ.s:32     .text.startup.main:0000001e .L12
     /tmp/ccHBLnYZ.s:17     .text.startup.main:00000002 .L2

NO UNDEFINED SYMBOLS
