GAS LISTING /tmp/cceqCFVy.s 			page 1


   1               		.file	"main.cpp"
   2               	__SP_H__ = 0x3e
   3               	__SP_L__ = 0x3d
   4               	__SREG__ = 0x3f
   5               	__tmp_reg__ = 0
   6               	__zero_reg__ = 1
   7               		.text
   8               		.section	.text._Z29hexToSevenSegmentsCommonAnodeh,"ax",@progbits
   9               	.global	_Z29hexToSevenSegmentsCommonAnodeh
  11               	_Z29hexToSevenSegmentsCommonAnodeh:
  12               	/* prologue: function */
  13               	/* frame size = 0 */
  14               	/* stack size = 0 */
  15               	.L__stack_usage = 0
  16 0000 8031      		cpi r24,lo8(16)
  17 0002 00F4      		brsh .L3
  18 0004 E82F      		mov r30,r24
  19 0006 F0E0      		ldi r31,0
  20 0008 E050      		subi r30,lo8(-(CSWTCH.3))
  21 000a F040      		sbci r31,hi8(-(CSWTCH.3))
  22 000c 8081      		ld r24,Z
  23 000e 0895      		ret
  24               	.L3:
  25 0010 8FEF      		ldi r24,lo8(-1)
  26               	/* epilogue start */
  27 0012 0895      		ret
  29               		.section	.text.startup.main,"ax",@progbits
  30               	.global	main
  32               	main:
  33               	/* prologue: function */
  34               	/* frame size = 0 */
  35               	/* stack size = 0 */
  36               	.L__stack_usage = 0
  37 0000 8FEF      		ldi r24,lo8(-1)
  38 0002 8AB9      		out 0xa,r24
  39 0004 C0E0      		ldi r28,0
  40               	.L6:
  41 0006 8C2F      		mov r24,r28
  42 0008 0E94 0000 		call _Z29hexToSevenSegmentsCommonAnodeh
  43 000c 8BB9      		out 0xb,r24
  44 000e C930      		cpi r28,lo8(9)
  45 0010 01F0      		breq .L7
  46 0012 CF5F      		subi r28,lo8(-(1))
  47               	.L5:
  48 0014 2FEF      		ldi r18,lo8(1599999)
  49 0016 89E6      		ldi r24,hi8(1599999)
  50 0018 98E1      		ldi r25,hlo8(1599999)
  51 001a 2150      	1:	subi r18,1
  52 001c 8040      		sbci r24,0
  53 001e 9040      		sbci r25,0
  54 0020 01F4      		brne 1b
  55 0022 00C0      		rjmp .
  56 0024 0000      		nop
  57 0026 00C0      		rjmp .L6
  58               	.L7:
  59 0028 C0E0      		ldi r28,0
  60 002a 00C0      		rjmp .L5
GAS LISTING /tmp/cceqCFVy.s 			page 2


  62               		.section	.rodata.CSWTCH.3,"a"
  65               	CSWTCH.3:
  66 0000 C0        		.byte	-64
  67 0001 F9        		.byte	-7
  68 0002 A4        		.byte	-92
  69 0003 B0        		.byte	-80
  70 0004 99        		.byte	-103
  71 0005 92        		.byte	-110
  72 0006 82        		.byte	-126
  73 0007 F8        		.byte	-8
  74 0008 80        		.byte	-128
  75 0009 90        		.byte	-112
  76 000a 88        		.byte	-120
  77 000b 83        		.byte	-125
  78 000c C6        		.byte	-58
  79 000d A1        		.byte	-95
  80 000e 86        		.byte	-122
  81 000f 8E        		.byte	-114
  82               		.ident	"GCC: (GNU) 14.2.0"
  83               	.global __do_copy_data
GAS LISTING /tmp/cceqCFVy.s 			page 3


DEFINED SYMBOLS
                            *ABS*:00000000 main.cpp
     /tmp/cceqCFVy.s:2      *ABS*:0000003e __SP_H__
     /tmp/cceqCFVy.s:3      *ABS*:0000003d __SP_L__
     /tmp/cceqCFVy.s:4      *ABS*:0000003f __SREG__
     /tmp/cceqCFVy.s:5      *ABS*:00000000 __tmp_reg__
     /tmp/cceqCFVy.s:6      *ABS*:00000001 __zero_reg__
     /tmp/cceqCFVy.s:11     .text._Z29hexToSevenSegmentsCommonAnodeh:00000000 _Z29hexToSevenSegmentsCommonAnodeh
     /tmp/cceqCFVy.s:65     .rodata.CSWTCH.3:00000000 CSWTCH.3
     /tmp/cceqCFVy.s:32     .text.startup.main:00000000 main
     /tmp/cceqCFVy.s:55     .text.startup.main:00000024 L0
     /tmp/cceqCFVy.s:24     .text._Z29hexToSevenSegmentsCommonAnodeh:00000010 .L3
     /tmp/cceqCFVy.s:58     .text.startup.main:00000028 .L7
     /tmp/cceqCFVy.s:51     .text.startup.main:0000001a .L11
     /tmp/cceqCFVy.s:40     .text.startup.main:00000006 .L6
     /tmp/cceqCFVy.s:47     .text.startup.main:00000014 .L5

UNDEFINED SYMBOLS
__do_copy_data
